<?xml version="1.0" encoding="UTF-8"?>
<testng-results skipped="0" failed="0" total="1" passed="1">
	<reporter-output>
	</reporter-output>
	<suite name="Default suite" duration-ms="39464" started-at="2016-12-17T14:53:02Z"
		finished-at="2016-12-17T14:53:41Z">
		<groups>
		</groups>
		<test name="Default test" duration-ms="39464" started-at="2016-12-17T14:53:02Z"
			finished-at="2016-12-17T14:53:41Z">
			<class name="tenBis.TestJob">
				<test-method status="PASS"
					signature="beforeActualCharging()[pri:0, instance:tenBis.TestJob@6ebc05a6]"
					name="beforeActualCharging" is-config="true" duration-ms="7899"
					started-at="2016-12-17T16:53:02Z" finished-at="2016-12-17T16:53:10Z">
					<reporter-output>
					</reporter-output>
				</test-method> <!-- beforeActualCharging -->
				<test-method status="PASS"
					signature="TestMyDesirePriceAndSendMeAnEmailWhenDone()[pri:0, instance:tenBis.TestJob@6ebc05a6]"
					name="TestMyDesirePriceAndSendMeAnEmailWhenDone" duration-ms="31547"
					started-at="2016-12-17T16:53:10Z" finished-at="2016-12-17T16:53:41Z">
					<reporter-output>
					</reporter-output>
				</test-method> <!-- TestMyDesirePriceAndSendMeAnEmailWhenDone -->
			</class> <!-- tenBis.TestJob -->
		</test> <!-- Default test -->
	</suite> <!-- Default suite -->
</testng-results>
